<?xml version="1.0" encoding="UTF-8"?>
<testsuite name="com.localhost.swagger.bestbuyinfoCURD.UtilitiesCURDTestWithSteps" time="0.007" tests="1" errors="1" skipped="0" failures="0">
  <properties>
[...]
</properties>
  <testcase name="initializationError" classname="com.localhost.swagger.bestbuyinfoCURD.UtilitiesCURDTestWithSteps" time="0.007">
    <error message="No runnable methods" type="java.lang.Exception"><![CDATA[java.lang.Exception: No runnable methods
	at org.junit.runners.BlockJUnit4ClassRunner.validateInstanceMethods(BlockJUnit4ClassRunner.java:191)
	at org.junit.runners.BlockJUnit4ClassRunner.collectInitializationErrors(BlockJUnit4ClassRunner.java:128)
	at org.junit.runners.ParentRunner.validate(ParentRunner.java:416)
	at org.junit.runners.ParentRunner.<init>(ParentRunner.java:84)
	at org.junit.runners.BlockJUnit4ClassRunner.<init>(BlockJUnit4ClassRunner.java:65)
	at net.serenitybdd.junit.runners.SerenityRunner.<init>(SerenityRunner.java:160)
	at net.serenitybdd.junit.runners.SerenityRunner.<init>(SerenityRunner.java:116)
	at net.serenitybdd.junit.runners.SerenityRunner.<init>(SerenityRunner.java:100)
	at sun.reflect.NativeConstructorAccessorImpl.newInstance0(Native Method)
	at sun.reflect.NativeConstructorAccessorImpl.newInstance(NativeConstructorAccessorImpl.java:62)
	at sun.reflect.DelegatingConstructorAccessorImpl.newInstance(DelegatingConstructorAccessorImpl.java:45)
	at java.lang.reflect.Constructor.newInstance(Constructor.java:423)
	at org.junit.internal.builders.AnnotatedBuilder.buildRunner(AnnotatedBuilder.java:104)
	at org.junit.internal.builders.AnnotatedBuilder.runnerForClass(AnnotatedBuilder.java:86)
	at org.junit.runners.model.RunnerBuilder.safeRunnerForClass(RunnerBuilder.java:59)
	at org.junit.internal.builders.AllDefaultPossibilitiesBuilder.runnerForClass(AllDefaultPossibilitiesBuilder.java:26)
	at org.junit.runners.model.RunnerBuilder.safeRunnerForClass(RunnerBuilder.java:59)
	at org.junit.internal.requests.ClassRequest.getRunner(ClassRequest.java:33)
	at org.apache.maven.surefire.junit4.JUnit4Provider.execute(JUnit4Provider.java:283)
	at org.apache.maven.surefire.junit4.JUnit4Provider.executeWithRerun(JUnit4Provider.java:173)
	at org.apache.maven.surefire.junit4.JUnit4Provider.executeTestSet(JUnit4Provider.java:153)
	at org.apache.maven.surefire.junit4.JUnit4Provider.invoke(JUnit4Provider.java:128)
	at org.apache.maven.surefire.booter.ForkedBooter.invokeProviderInSameClassLoader(ForkedBooter.java:203)
	at org.apache.maven.surefire.booter.ForkedBooter.runSuitesInProcess(ForkedBooter.java:155)
	at org.apache.maven.surefire.booter.ForkedBooter.main(ForkedBooter.java:103)
]]></error>
    <system-err><![CDATA[8979 [main] INFO net.serenitybdd.core.Serenity - 
        __    _____ _____ ____ _____   ____   _    ____  ____  _____ ____  
  _     \ \  |_   _| ____/ ___|_   _| |  _ \ / \  / ___|/ ___|| ____|  _ \ 
 (_)_____| |   | | |  _| \___ \ | |   | |_) / _ \ \___ \\___ \|  _| | | | |
  _|_____| |   | | | |___ ___) || |   |  __/ ___ \ ___) |___) | |___| |_| |
 (_)     | |   |_| |_____|____/ |_|   |_| /_/   \_\____/|____/|_____|____/ 
        /_/                                                                

TEST PASSED: Delete Service and verify if the Service is deleted
----------------------------------------------------------------------------
8984 [pool-5-thread-4] INFO net.thucydides.core.reports.json.JSONTestOutcomeReporter - Generating JSON report for Delete Service and verify if the Service is deleted to file C:\Users\mihir\IdeaProjects\project-5-bestbuyapi-homework-week-18\target\site\serenity\6789baa3048927181acfef55fbd5795c28adc1257a5f22c1b04fa45cf50b1fe3.json (using temp file C:\Users\mihir\IdeaProjects\project-5-bestbuyapi-homework-week-18\target\site\serenity\6789baa3048927181acfef55fbd5795c28adc1257a5f22c1b04fa45cf50b1fe3.json088be6d7-d9d0-41c8-b271-73bfee371187)
8984 [pool-5-thread-3] INFO net.thucydides.core.reports.json.JSONTestOutcomeReporter - Generating JSON report for Test003 to file C:\Users\mihir\IdeaProjects\project-5-bestbuyapi-homework-week-18\target\site\serenity\184d46dba9e09460793e009944c302632c24b7159e4b525c18ff513bfe4f26de.json (using temp file C:\Users\mihir\IdeaProjects\project-5-bestbuyapi-homework-week-18\target\site\serenity\184d46dba9e09460793e009944c302632c24b7159e4b525c18ff513bfe4f26de.json5d40411b-f7c2-43a8-a16c-da087b560d45)
8984 [pool-5-thread-1] INFO net.thucydides.core.reports.json.JSONTestOutcomeReporter - Generating JSON report for This will create new store to file C:\Users\mihir\IdeaProjects\project-5-bestbuyapi-homework-week-18\target\site\serenity\f273851fb3eec7db7a0e2f5ab4f173bc084667e983440923fbde6a3efbbf1692.json (using temp file C:\Users\mihir\IdeaProjects\project-5-bestbuyapi-homework-week-18\target\site\serenity\f273851fb3eec7db7a0e2f5ab4f173bc084667e983440923fbde6a3efbbf1692.jsoned81d45d-a5ee-4d63-acde-fd135f01cbce)
8985 [pool-5-thread-2] INFO net.thucydides.core.reports.json.JSONTestOutcomeReporter - Generating JSON report for Verify if the services is created to file C:\Users\mihir\IdeaProjects\project-5-bestbuyapi-homework-week-18\target\site\serenity\3186bf2e7b7ccb55e32ef0ec69ff8d154ae9f817155409fc49376626c4642b52.json (using temp file C:\Users\mihir\IdeaProjects\project-5-bestbuyapi-homework-week-18\target\site\serenity\3186bf2e7b7ccb55e32ef0ec69ff8d154ae9f817155409fc49376626c4642b52.jsonf3022993-6061-4e6a-bd83-2656077c3b47)
8999 [pool-6-thread-4] INFO net.thucydides.core.reports.html.HtmlAcceptanceTestReporter - GENERATING HTML REPORT FOR Services CURD test with steps:test004 in 6789baa3048927181acfef55fbd5795c28adc1257a5f22c1b04fa45cf50b1fe3.html in directory target\site\serenity  
8999 [pool-6-thread-1] INFO net.thucydides.core.reports.html.HtmlAcceptanceTestReporter - GENERATING HTML REPORT FOR Services CURD test with steps:test001 in f273851fb3eec7db7a0e2f5ab4f173bc084667e983440923fbde6a3efbbf1692.html in directory target\site\serenity  
9000 [pool-6-thread-3] INFO net.thucydides.core.reports.html.HtmlAcceptanceTestReporter - GENERATING HTML REPORT FOR Services CURD test with steps:test003 in 184d46dba9e09460793e009944c302632c24b7159e4b525c18ff513bfe4f26de.html in directory target\site\serenity  
9001 [pool-6-thread-2] INFO net.thucydides.core.reports.html.HtmlAcceptanceTestReporter - GENERATING HTML REPORT FOR Services CURD test with steps:test002 in 3186bf2e7b7ccb55e32ef0ec69ff8d154ae9f817155409fc49376626c4642b52.html in directory target\site\serenity  
]]></system-err>
  </testcase>
</testsuite>