<?xml version="1.0" encoding="UTF-8"?><testsuite errors="0" failures="0" name="com.localhost.swagger.bestbuyinfoCURD.CategoriesCURDTestWithSteps" skipped="0" tests="4" time="6.68" timestamp="2022-06-06T15:42:15.472+01:00[Europe/London]"><testcase classname="com.localhost.swagger.bestbuyinfoCURD.CategoriesCURDTestWithSteps" name="This will create new Category"/><testcase classname="com.localhost.swagger.bestbuyinfoCURD.CategoriesCURDTestWithSteps" name="Verify if the Category was created in application"/><testcase classname="com.localhost.swagger.bestbuyinfoCURD.CategoriesCURDTestWithSteps" name="Update Category information and verify the updated information"/><testcase classname="com.localhost.swagger.bestbuyinfoCURD.CategoriesCURDTestWithSteps" name="Delete the category and verify if the category is deleted!"/></testsuite>