<?xml version="1.0" encoding="UTF-8"?><testsuite errors="0" failures="0" name="com.localhost.swagger.bestbuyinfoCURD.ProductsCURDTestWithSteps" skipped="0" tests="4" time="0.28" timestamp="2022-06-06T15:42:23.332+01:00[Europe/London]"><testcase classname="com.localhost.swagger.bestbuyinfoCURD.ProductsCURDTestWithSteps" name="This will create a new product"/><testcase classname="com.localhost.swagger.bestbuyinfoCURD.ProductsCURDTestWithSteps" name="Verify if the product was added to the application"/><testcase classname="com.localhost.swagger.bestbuyinfoCURD.ProductsCURDTestWithSteps" name="Update the product information and verify the updated information"/><testcase classname="com.localhost.swagger.bestbuyinfoCURD.ProductsCURDTestWithSteps" name="Delete the product and verify if the product is deleted!"/></testsuite>