<?xml version="1.0" encoding="UTF-8"?><testsuite errors="0" failures="0" name="com.localhost.swagger.bestbuyinfoCURD.StoresCURDTestWithSteps" skipped="0" tests="4" time="5.7" timestamp="2022-06-06T15:42:15.457+01:00[Europe/London]"><testcase classname="com.localhost.swagger.bestbuyinfoCURD.StoresCURDTestWithSteps" name="This will create new service"/><testcase classname="com.localhost.swagger.bestbuyinfoCURD.StoresCURDTestWithSteps" name="Verify if the strore was created in application"/><testcase classname="com.localhost.swagger.bestbuyinfoCURD.StoresCURDTestWithSteps" name="Update the store information and verify the updated information"/><testcase classname="com.localhost.swagger.bestbuyinfoCURD.StoresCURDTestWithSteps" name="Test004"/></testsuite>