<?xml version="1.0" encoding="UTF-8"?><testsuite errors="0" failures="0" name="com.localhost.swagger.bestbuyinfoCURD.ServicesCURDTestWithSteps" skipped="0" tests="4" time="0.24" timestamp="2022-06-06T15:42:23.695+01:00[Europe/London]"><testcase classname="com.localhost.swagger.bestbuyinfoCURD.ServicesCURDTestWithSteps" name="This will create new store"/><testcase classname="com.localhost.swagger.bestbuyinfoCURD.ServicesCURDTestWithSteps" name="Verify if the services is created"/><testcase classname="com.localhost.swagger.bestbuyinfoCURD.ServicesCURDTestWithSteps" name="Test003"/><testcase classname="com.localhost.swagger.bestbuyinfoCURD.ServicesCURDTestWithSteps" name="Delete Service and verify if the Service is deleted"/></testsuite>